\BOOKMARK [0][]{chapter.1}{Th\351or\350mes g\351n\351raux sur les circuits}{}% 1
\BOOKMARK [1][]{section.1.1}{Introduction}{chapter.1}% 2
\BOOKMARK [1][]{section.1.2}{Loi des n\234uds}{chapter.1}% 3
\BOOKMARK [1][]{section.1.3}{Loi des mailles}{chapter.1}% 4
\BOOKMARK [1][]{section.1.4}{Loi d'Ohm}{chapter.1}% 5
\BOOKMARK [1][]{section.1.5}{Association de r\351sistances}{chapter.1}% 6
\BOOKMARK [1][]{section.1.6}{Pont diviseur de tensions}{chapter.1}% 7
\BOOKMARK [1][]{section.1.7}{Puissances et \351nergie \351lectrique}{chapter.1}% 8
\BOOKMARK [0][]{chapter.2}{Les grandeurs p\351riodiques: g\351n\351ralit\351s}{}% 9
\BOOKMARK [1][]{section.2.1}{Les grandeurs p\351riodiques}{chapter.2}% 10
\BOOKMARK [2][]{section*.5}{La p\351riode}{section.2.1}% 11
\BOOKMARK [3][]{section*.6}{La fr\351quence}{section*.5}% 12
\BOOKMARK [4][]{section*.7}{Les valeurs extr\351males}{section*.6}% 13
\BOOKMARK [4][]{section*.8}{La valeur moyenne}{section*.6}% 14
\BOOKMARK [4][]{Definition.3}{La valeur efficace}{section*.6}% 15
\BOOKMARK [1][]{section.2.2}{Composantes continue et variable}{chapter.2}% 16
\BOOKMARK [1][]{section.2.3}{Application}{chapter.2}% 17
\BOOKMARK [1][]{section.2.4}{Propri\351t\351 \351nerg\351tique}{chapter.2}% 18
\BOOKMARK [2][]{section*.13}{Puissance instantan\351e p\(t\)}{section.2.4}% 19
\BOOKMARK [3][]{section*.14}{Puissance active P}{section*.13}% 20
\BOOKMARK [4][]{section*.15}{Puissance apparente S}{section*.14}% 21
\BOOKMARK [4][]{section*.16}{Facteur de puissance}{section*.14}% 22
\BOOKMARK [4][]{section*.17}{Puissance r\351active}{section*.14}% 23
\BOOKMARK [0][]{chapter.3}{R\351gime sinuso\357dal: g\351n\351ralit\351s}{}% 24
\BOOKMARK [1][]{section.3.1}{G\351n\351ralit\351s}{chapter.3}% 25
\BOOKMARK [1][]{section.3.2}{Grandeurs relatives au r\351gime sinuso\357dal}{chapter.3}% 26
\BOOKMARK [1][]{section.3.3}{Notion de puissance en r\351gime sinuso\357dal}{chapter.3}% 27
